<?xml version="1.0" encoding="UTF-8"?>
<!-- Generated by org.testng.reporters.JUnitReportReporter -->
<testsuite skipped="0" hostname="SILCHQSOFT178L" name="TestRunner.AllRunnerTest" tests="3" failures="0" timestamp="2023-11-29T12:31:17 BDT" time="18.370" errors="0">
  <testcase name="runScenario" time="7.454" classname="TestRunner.AllRunnerTest"/>
  <system-out/>
  <testcase name="runScenario" time="4.762" classname="TestRunner.AllRunnerTest"/>
  <system-out/>
  <testcase name="runScenario" time="6.154" classname="TestRunner.AllRunnerTest"/>
  <system-out/>
</testsuite> <!-- TestRunner.AllRunnerTest -->
