<?xml version="1.0" encoding="UTF-8"?>
<!-- Generated by org.testng.reporters.JUnitReportReporter -->
<testsuite skipped="0" hostname="SILCHQSOFT178L" name="TestRunner.ComplainRaiseRunnerTest" tests="2" failures="0" timestamp="2023-11-29T12:31:17 BDT" time="11.150" errors="0">
  <testcase name="runScenario" time="5.718" classname="TestRunner.ComplainRaiseRunnerTest"/>
  <system-out/>
  <testcase name="runScenario" time="5.432" classname="TestRunner.ComplainRaiseRunnerTest"/>
  <system-out/>
</testsuite> <!-- TestRunner.ComplainRaiseRunnerTest -->
