<?xml version="1.0" encoding="UTF-8"?>
<!-- Generated by org.testng.reporters.JUnitReportReporter -->
<testsuite skipped="0" hostname="SILCHQSOFT178L" name="TestRunner.LoginRunnerTest" tests="1" failures="0" timestamp="2023-11-29T12:31:17 BDT" time="2.250" errors="0">
  <testcase name="runScenario" time="2.250" classname="TestRunner.LoginRunnerTest"/>
  <system-out/>
</testsuite> <!-- TestRunner.LoginRunnerTest -->
